{
  "RSpec": {
    "coverage": {
      "/home/benbristow/Projects/misc/train-times/lib/api/ldbws.rb": [
        null,
        null,
        1,
        1,
        1,
        1,
        1,
        null,
        1,
        1,
        1,
        null,
        null,
        1,
        1,
        1,
        null,
        null,
        1,
        null,
        1,
        2,
        2,
        30,
        null,
        0,
        null,
        null,
        1,
        2,
        null,
        null,
        null,
        2,
        null,
        null,
        null,
        null,
        null,
        1,
        2,
        null,
        null,
        null,
        null,
        null,
        null,
        null,
        null,
        null,
        null,
        null,
        null,
        null,
        null,
        1,
        2,
        2,
        null,
        null
      ],
      "/home/benbristow/Projects/misc/train-times/lib/api/service.rb": [
        null,
        null,
        1,
        1,
        1,
        1,
        1,
        1,
        1,
        1,
        1,
        1,
        null,
        1,
        34,
        34,
        34,
        34,
        34,
        34,
        34,
        34,
        34,
        null,
        null,
        1,
        4,
        null,
        null,
        1,
        0,
        0,
        0,
        null,
        0,
        null,
        null
      ],
      "/home/benbristow/Projects/misc/train-times/lib/api/station.rb": [
        null,
        null,
        1,
        1,
        1,
        null,
        1,
        74,
        74,
        null,
        null,
        1,
        68,
        null,
        null,
        1,
        1,
        null,
        null,
        1,
        1,
        null,
        null,
        1,
        2,
        1,
        null,
        null
      ],
      "/home/benbristow/Projects/misc/train-times/lib/train_times_error.rb": [
        null,
        null,
        1,
        1,
        0,
        null,
        null
      ],
      "/home/benbristow/Projects/misc/train-times/spec/lib/api/service_spec.rb": [
        null,
        null,
        1,
        1,
        1,
        1,
        null,
        null,
        1,
        1,
        null,
        null,
        null,
        1,
        1,
        1,
        null,
        null,
        1,
        1,
        null,
        null,
        1,
        1,
        null,
        null,
        1,
        1,
        null,
        null,
        null,
        1,
        null,
        1,
        3,
        null,
        null,
        1,
        3,
        null,
        null,
        1,
        null,
        null,
        null,
        null,
        null,
        null,
        null,
        null,
        null,
        null,
        null,
        null,
        null,
        null,
        null,
        null,
        null,
        null,
        null,
        null,
        6,
        null,
        null
      ],
      "/home/benbristow/Projects/misc/train-times/spec/lib/api/station_spec.rb": [
        null,
        null,
        1,
        1,
        1,
        null,
        1,
        1,
        null,
        null,
        1,
        1,
        null,
        1,
        1,
        null,
        null,
        1,
        1,
        1,
        1,
        null,
        1,
        1,
        1,
        null,
        null,
        null,
        1,
        1,
        1,
        1,
        null,
        1,
        1,
        1,
        1,
        null,
        null,
        null,
        1,
        1,
        1,
        null,
        1,
        null,
        null,
        1,
        1,
        null,
        1,
        null,
        null,
        null
      ]
    },
    "timestamp": 1520209882
  }
}
